2017-10-26 16:06:35: $cronjobName: cache
2017-10-26 16:06:35: ----------------------------------
2017-10-26 16:06:35: $itemsPerUpdate: 5
2017-10-26 16:06:35: $currentInterval: 1
2017-10-26 16:06:35: $incInterval: 5
2017-10-26 16:06:35: $decInterval: 1
2017-10-26 16:06:35: $lastCheckedId: 41
2017-10-26 16:06:35: $successfulRequests: 2848
2017-10-26 16:06:35: $successfulRequestsThreshold: 20
2017-10-26 16:08:36: $cronjobName: cache
2017-10-26 16:08:36: ----------------------------------
2017-10-26 16:08:36: $itemsPerUpdate: 5
2017-10-26 16:08:36: $currentInterval: 1
2017-10-26 16:08:36: $incInterval: 5
2017-10-26 16:08:36: $decInterval: 1
2017-10-26 16:08:36: $lastCheckedId: 85
2017-10-26 16:08:36: $successfulRequests: 2849
2017-10-26 16:08:36: $successfulRequestsThreshold: 20
2017-10-26 16:10:00: $cronjobName: cache
2017-10-26 16:10:00: ----------------------------------
2017-10-26 16:10:00: $itemsPerUpdate: 5
2017-10-26 16:10:00: $currentInterval: 1
2017-10-26 16:10:00: $incInterval: 5
2017-10-26 16:10:00: $decInterval: 1
2017-10-26 16:10:00: $lastCheckedId: 93
2017-10-26 16:10:00: $successfulRequests: 2850
2017-10-26 16:10:00: $successfulRequestsThreshold: 20
